<?xml version="1.0" encoding="UTF-8"?>
<!-- Generated by org.testng.reporters.JUnitXMLReporter -->
<testsuite ignored="0" hostname="vivobook-asuslaptop-x512flc-x512fl" failures="0" tests="32" name="Default test" time="15.155" errors="0" timestamp="2023-09-25T16:14:35 IST">
  <testcase classname="apollo2.Fullsanity" name="staticpage" time="1.576"/>
  <testcase classname="apollo2.Fullsanity" name="getloginuser" time="0.217"/>
  <testcase classname="apollo2.Fullsanity" name="activitylogin" time="0.203"/>
  <testcase classname="apollo2.Fullsanity" name="detailsofseriesset" time="0.887"/>
  <testcase classname="apollo2.Fullsanity" name="Brainaccessactivity" time="0.201"/>
  <testcase classname="apollo2.Fullsanity" name="Getthumbnailsdetails" time="1.054"/>
  <testcase classname="apollo2.Fullsanity" name="Brainviewerdetails" time="0.821"/>
  <testcase classname="apollo2.Fullsanity" name="HDBrainviewerdetails" time="0.608"/>
  <testcase classname="apollo2.Fullsanity" name="HDgetannotationtype" time="0.153"/>
  <testcase classname="apollo2.Fullsanity" name="HDgetdetailsofseriesset" time="0.704"/>
  <testcase classname="apollo2.Fullsanity" name="HDactivity" time="0.169"/>
  <testcase classname="apollo2.Fullsanity" name="Atlasappatlasregistration" time="0.224"/>
  <testcase classname="apollo2.Fullsanity" name="Atlasgetthumbnailsdetails" time="0.715"/>
  <testcase classname="apollo2.Fullsanity" name="Atlasgetbrainviewerdetails" time="0.574"/>
  <testcase classname="apollo2.Fullsanity" name="Atlasgetccuserid" time="0.161"/>
  <testcase classname="apollo2.Fullsanity" name="Atlasgetcontributordetails" time="0.305"/>
  <testcase classname="apollo2.Fullsanity" name="Atlasappannotationtype" time="1.041"/>
  <testcase classname="apollo2.Fullsanity" name="Atlasdefaultappannotationtype" time="0.557"/>
  <testcase classname="apollo2.Fullsanity" name="Cellappatlasregistration" time="0.164"/>
  <testcase classname="apollo2.Fullsanity" name="Cellgetthumbailsdetail" time="0.815"/>
  <testcase classname="apollo2.Fullsanity" name="Cellgetbrainviewerdetail" time="0.672"/>
  <testcase classname="apollo2.Fullsanity" name="Cellccuserid" time="0.178"/>
  <testcase classname="apollo2.Fullsanity" name="Cellappannotationtype" time="0.891"/>
  <testcase classname="apollo2.Fullsanity" name="Cellgetseriesset" time="0.786"/>
  <testcase classname="apollo2.Fullsanity" name="Celldefaultapptype" time="0.165"/>
  <testcase classname="apollo2.Fullsanity" name="Cellcontributors" time="0.17"/>
  <testcase classname="apollo2.Fullsanity" name="Cellannotatedtileslist" time="0.19"/>
  <testcase classname="apollo2.Fullsanity" name="Cellwiptilelist" time="0.19"/>
  <testcase classname="apollo2.Fullsanity" name="CellAGtilelist" time="0.18"/>
  <testcase classname="apollo2.Fullsanity" name="Regappatlasregistration" time="0.155"/>
  <testcase classname="apollo2.Fullsanity" name="Regcontributors" time="0.17"/>
  <testcase classname="apollo2.Fullsanity" name="Reguserdetails" time="0.183"/>
</testsuite> <!-- Default test -->
