<?xml version="1.0" encoding="UTF-8"?>
<testng-results ignored="0" total="32" passed="32" failed="0" skipped="0">
  <reporter-output>
  </reporter-output>
  <suite started-at="2023-09-25T16:14:20 IST" name="Default suite" finished-at="2023-09-25T16:14:35 IST" duration-ms="15155">
    <groups>
    </groups>
    <test started-at="2023-09-25T16:14:20 IST" name="Default test" finished-at="2023-09-25T16:14:35 IST" duration-ms="15155">
      <class name="apollo2.Fullsanity">
        <test-method signature="staticpage()[pri:1, instance:apollo2.Fullsanity@1b2abca6]" started-at="2023-09-25T16:14:20 IST" name="staticpage" finished-at="2023-09-25T16:14:22 IST" duration-ms="1576" status="PASS">
          <reporter-output>
          </reporter-output>
        </test-method> <!-- staticpage -->
        <test-method signature="getloginuser()[pri:2, instance:apollo2.Fullsanity@1b2abca6]" started-at="2023-09-25T16:14:22 IST" name="getloginuser" finished-at="2023-09-25T16:14:22 IST" duration-ms="217" status="PASS">
          <reporter-output>
          </reporter-output>
        </test-method> <!-- getloginuser -->
        <test-method signature="activitylogin()[pri:3, instance:apollo2.Fullsanity@1b2abca6]" started-at="2023-09-25T16:14:22 IST" name="activitylogin" finished-at="2023-09-25T16:14:22 IST" duration-ms="203" status="PASS">
          <reporter-output>
          </reporter-output>
        </test-method> <!-- activitylogin -->
        <test-method signature="detailsofseriesset()[pri:4, instance:apollo2.Fullsanity@1b2abca6]" started-at="2023-09-25T16:14:22 IST" name="detailsofseriesset" finished-at="2023-09-25T16:14:23 IST" duration-ms="887" status="PASS">
          <reporter-output>
          </reporter-output>
        </test-method> <!-- detailsofseriesset -->
        <test-method signature="Brainaccessactivity()[pri:5, instance:apollo2.Fullsanity@1b2abca6]" started-at="2023-09-25T16:14:23 IST" name="Brainaccessactivity" finished-at="2023-09-25T16:14:23 IST" duration-ms="201" status="PASS">
          <reporter-output>
          </reporter-output>
        </test-method> <!-- Brainaccessactivity -->
        <test-method signature="Getthumbnailsdetails()[pri:6, instance:apollo2.Fullsanity@1b2abca6]" started-at="2023-09-25T16:14:23 IST" name="Getthumbnailsdetails" finished-at="2023-09-25T16:14:24 IST" duration-ms="1054" status="PASS">
          <reporter-output>
          </reporter-output>
        </test-method> <!-- Getthumbnailsdetails -->
        <test-method signature="Brainviewerdetails()[pri:7, instance:apollo2.Fullsanity@1b2abca6]" started-at="2023-09-25T16:14:24 IST" name="Brainviewerdetails" finished-at="2023-09-25T16:14:25 IST" duration-ms="821" status="PASS">
          <reporter-output>
          </reporter-output>
        </test-method> <!-- Brainviewerdetails -->
        <test-method signature="HDBrainviewerdetails()[pri:8, instance:apollo2.Fullsanity@1b2abca6]" started-at="2023-09-25T16:14:25 IST" name="HDBrainviewerdetails" finished-at="2023-09-25T16:14:26 IST" duration-ms="608" status="PASS">
          <reporter-output>
          </reporter-output>
        </test-method> <!-- HDBrainviewerdetails -->
        <test-method signature="HDgetannotationtype()[pri:9, instance:apollo2.Fullsanity@1b2abca6]" started-at="2023-09-25T16:14:26 IST" name="HDgetannotationtype" finished-at="2023-09-25T16:14:26 IST" duration-ms="153" status="PASS">
          <reporter-output>
          </reporter-output>
        </test-method> <!-- HDgetannotationtype -->
        <test-method signature="HDgetdetailsofseriesset()[pri:10, instance:apollo2.Fullsanity@1b2abca6]" started-at="2023-09-25T16:14:26 IST" name="HDgetdetailsofseriesset" finished-at="2023-09-25T16:14:27 IST" duration-ms="704" status="PASS">
          <reporter-output>
          </reporter-output>
        </test-method> <!-- HDgetdetailsofseriesset -->
        <test-method signature="HDactivity()[pri:11, instance:apollo2.Fullsanity@1b2abca6]" started-at="2023-09-25T16:14:27 IST" name="HDactivity" finished-at="2023-09-25T16:14:27 IST" duration-ms="169" status="PASS">
          <reporter-output>
          </reporter-output>
        </test-method> <!-- HDactivity -->
        <test-method signature="Atlasappatlasregistration()[pri:12, instance:apollo2.Fullsanity@1b2abca6]" started-at="2023-09-25T16:14:27 IST" name="Atlasappatlasregistration" finished-at="2023-09-25T16:14:27 IST" duration-ms="224" status="PASS">
          <reporter-output>
          </reporter-output>
        </test-method> <!-- Atlasappatlasregistration -->
        <test-method signature="Atlasgetthumbnailsdetails()[pri:13, instance:apollo2.Fullsanity@1b2abca6]" started-at="2023-09-25T16:14:27 IST" name="Atlasgetthumbnailsdetails" finished-at="2023-09-25T16:14:28 IST" duration-ms="715" status="PASS">
          <reporter-output>
          </reporter-output>
        </test-method> <!-- Atlasgetthumbnailsdetails -->
        <test-method signature="Atlasgetbrainviewerdetails()[pri:14, instance:apollo2.Fullsanity@1b2abca6]" started-at="2023-09-25T16:14:28 IST" name="Atlasgetbrainviewerdetails" finished-at="2023-09-25T16:14:28 IST" duration-ms="574" status="PASS">
          <reporter-output>
          </reporter-output>
        </test-method> <!-- Atlasgetbrainviewerdetails -->
        <test-method signature="Atlasgetccuserid()[pri:15, instance:apollo2.Fullsanity@1b2abca6]" started-at="2023-09-25T16:14:28 IST" name="Atlasgetccuserid" finished-at="2023-09-25T16:14:28 IST" duration-ms="161" status="PASS">
          <reporter-output>
          </reporter-output>
        </test-method> <!-- Atlasgetccuserid -->
        <test-method signature="Atlasgetcontributordetails()[pri:16, instance:apollo2.Fullsanity@1b2abca6]" started-at="2023-09-25T16:14:28 IST" name="Atlasgetcontributordetails" finished-at="2023-09-25T16:14:29 IST" duration-ms="305" status="PASS">
          <reporter-output>
          </reporter-output>
        </test-method> <!-- Atlasgetcontributordetails -->
        <test-method signature="Atlasappannotationtype()[pri:17, instance:apollo2.Fullsanity@1b2abca6]" started-at="2023-09-25T16:14:29 IST" name="Atlasappannotationtype" finished-at="2023-09-25T16:14:30 IST" duration-ms="1041" status="PASS">
          <reporter-output>
          </reporter-output>
        </test-method> <!-- Atlasappannotationtype -->
        <test-method signature="Atlasdefaultappannotationtype()[pri:18, instance:apollo2.Fullsanity@1b2abca6]" started-at="2023-09-25T16:14:30 IST" name="Atlasdefaultappannotationtype" finished-at="2023-09-25T16:14:30 IST" duration-ms="557" status="PASS">
          <reporter-output>
          </reporter-output>
        </test-method> <!-- Atlasdefaultappannotationtype -->
        <test-method signature="Cellappatlasregistration()[pri:19, instance:apollo2.Fullsanity@1b2abca6]" started-at="2023-09-25T16:14:30 IST" name="Cellappatlasregistration" finished-at="2023-09-25T16:14:31 IST" duration-ms="164" status="PASS">
          <reporter-output>
          </reporter-output>
        </test-method> <!-- Cellappatlasregistration -->
        <test-method signature="Cellgetthumbailsdetail()[pri:20, instance:apollo2.Fullsanity@1b2abca6]" started-at="2023-09-25T16:14:31 IST" name="Cellgetthumbailsdetail" finished-at="2023-09-25T16:14:31 IST" duration-ms="815" status="PASS">
          <reporter-output>
          </reporter-output>
        </test-method> <!-- Cellgetthumbailsdetail -->
        <test-method signature="Cellgetbrainviewerdetail()[pri:21, instance:apollo2.Fullsanity@1b2abca6]" started-at="2023-09-25T16:14:31 IST" name="Cellgetbrainviewerdetail" finished-at="2023-09-25T16:14:32 IST" duration-ms="672" status="PASS">
          <reporter-output>
          </reporter-output>
        </test-method> <!-- Cellgetbrainviewerdetail -->
        <test-method signature="Cellccuserid()[pri:22, instance:apollo2.Fullsanity@1b2abca6]" started-at="2023-09-25T16:14:32 IST" name="Cellccuserid" finished-at="2023-09-25T16:14:32 IST" duration-ms="178" status="PASS">
          <reporter-output>
          </reporter-output>
        </test-method> <!-- Cellccuserid -->
        <test-method signature="Cellappannotationtype()[pri:23, instance:apollo2.Fullsanity@1b2abca6]" started-at="2023-09-25T16:14:32 IST" name="Cellappannotationtype" finished-at="2023-09-25T16:14:33 IST" duration-ms="891" status="PASS">
          <reporter-output>
          </reporter-output>
        </test-method> <!-- Cellappannotationtype -->
        <test-method signature="Cellgetseriesset()[pri:24, instance:apollo2.Fullsanity@1b2abca6]" started-at="2023-09-25T16:14:33 IST" name="Cellgetseriesset" finished-at="2023-09-25T16:14:34 IST" duration-ms="786" status="PASS">
          <reporter-output>
          </reporter-output>
        </test-method> <!-- Cellgetseriesset -->
        <test-method signature="Celldefaultapptype()[pri:25, instance:apollo2.Fullsanity@1b2abca6]" started-at="2023-09-25T16:14:34 IST" name="Celldefaultapptype" finished-at="2023-09-25T16:14:34 IST" duration-ms="165" status="PASS">
          <reporter-output>
          </reporter-output>
        </test-method> <!-- Celldefaultapptype -->
        <test-method signature="Cellcontributors()[pri:26, instance:apollo2.Fullsanity@1b2abca6]" started-at="2023-09-25T16:14:34 IST" name="Cellcontributors" finished-at="2023-09-25T16:14:34 IST" duration-ms="170" status="PASS">
          <reporter-output>
          </reporter-output>
        </test-method> <!-- Cellcontributors -->
        <test-method signature="Cellannotatedtileslist()[pri:27, instance:apollo2.Fullsanity@1b2abca6]" started-at="2023-09-25T16:14:34 IST" name="Cellannotatedtileslist" finished-at="2023-09-25T16:14:34 IST" duration-ms="190" status="PASS">
          <reporter-output>
          </reporter-output>
        </test-method> <!-- Cellannotatedtileslist -->
        <test-method signature="Cellwiptilelist()[pri:28, instance:apollo2.Fullsanity@1b2abca6]" started-at="2023-09-25T16:14:34 IST" name="Cellwiptilelist" finished-at="2023-09-25T16:14:35 IST" duration-ms="190" status="PASS">
          <reporter-output>
          </reporter-output>
        </test-method> <!-- Cellwiptilelist -->
        <test-method signature="CellAGtilelist()[pri:29, instance:apollo2.Fullsanity@1b2abca6]" started-at="2023-09-25T16:14:35 IST" name="CellAGtilelist" finished-at="2023-09-25T16:14:35 IST" duration-ms="180" status="PASS">
          <reporter-output>
          </reporter-output>
        </test-method> <!-- CellAGtilelist -->
        <test-method signature="Regappatlasregistration()[pri:30, instance:apollo2.Fullsanity@1b2abca6]" started-at="2023-09-25T16:14:35 IST" name="Regappatlasregistration" finished-at="2023-09-25T16:14:35 IST" duration-ms="155" status="PASS">
          <reporter-output>
          </reporter-output>
        </test-method> <!-- Regappatlasregistration -->
        <test-method signature="Regcontributors()[pri:31, instance:apollo2.Fullsanity@1b2abca6]" started-at="2023-09-25T16:14:35 IST" name="Regcontributors" finished-at="2023-09-25T16:14:35 IST" duration-ms="170" status="PASS">
          <reporter-output>
          </reporter-output>
        </test-method> <!-- Regcontributors -->
        <test-method signature="Reguserdetails()[pri:32, instance:apollo2.Fullsanity@1b2abca6]" started-at="2023-09-25T16:14:35 IST" name="Reguserdetails" finished-at="2023-09-25T16:14:35 IST" duration-ms="183" status="PASS">
          <reporter-output>
          </reporter-output>
        </test-method> <!-- Reguserdetails -->
      </class> <!-- apollo2.Fullsanity -->
    </test> <!-- Default test -->
  </suite> <!-- Default suite -->
</testng-results>
